This is pdfTeX, Version 3.14159265-2.6-1.40.16 (TeX Live 2015) (preloaded format=pdflatex 2015.11.26)  10 MAY 2016 16:05
entering extended mode
 restricted \write18 enabled.
 file:line:error style messages enabled.
 %&-line parsing enabled.
**fyp.tex
(./fyp.tex
LaTeX2e <2015/01/01>
Babel <3.9l> and hyphenation patterns for 79 languages loaded.
(/usr/local/texlive/2015/texmf-dist/tex/latex/base/book.cls
Document Class: book 2014/09/29 v1.4h Standard LaTeX document class
(/usr/local/texlive/2015/texmf-dist/tex/latex/base/bk12.clo
File: bk12.clo 2014/09/29 v1.4h Standard LaTeX file (size option)
)
\c@part=\count79
\c@chapter=\count80
\c@section=\count81
\c@subsection=\count82
\c@subsubsection=\count83
\c@paragraph=\count84
\c@subparagraph=\count85
\c@figure=\count86
\c@table=\count87
\abovecaptionskip=\skip41
\belowcaptionskip=\skip42
\bibindent=\dimen102
)
(/usr/local/texlive/2015/texmf-dist/tex/latex/pgfgantt/pgfgantt.sty
Package: pgfgantt 2013/06/01 v4.0 Draw Gantt diagrams with TikZ

(/usr/local/texlive/2015/texmf-dist/tex/latex/pgf/frontendlayer/tikz.sty
(/usr/local/texlive/2015/texmf-dist/tex/latex/pgf/basiclayer/pgf.sty
(/usr/local/texlive/2015/texmf-dist/tex/latex/pgf/utilities/pgfrcs.sty
(/usr/local/texlive/2015/texmf-dist/tex/generic/pgf/utilities/pgfutil-common.te
x
\pgfutil@everybye=\toks14
\pgfutil@tempdima=\dimen103
\pgfutil@tempdimb=\dimen104

(/usr/local/texlive/2015/texmf-dist/tex/generic/pgf/utilities/pgfutil-common-li
sts.tex))
(/usr/local/texlive/2015/texmf-dist/tex/generic/pgf/utilities/pgfutil-latex.def
\pgfutil@abb=\box26
(/usr/local/texlive/2015/texmf-dist/tex/latex/ms/everyshi.sty
Package: everyshi 2001/05/15 v3.00 EveryShipout Package (MS)
))
(/usr/local/texlive/2015/texmf-dist/tex/generic/pgf/utilities/pgfrcs.code.tex
Package: pgfrcs 2013/12/20 v3.0.0 (rcs-revision 1.28)
))
Package: pgf 2013/12/18 v3.0.0 (rcs-revision 1.14)
(/usr/local/texlive/2015/texmf-dist/tex/latex/pgf/basiclayer/pgfcore.sty
(/usr/local/texlive/2015/texmf-dist/tex/latex/graphics/graphicx.sty
Package: graphicx 2014/10/28 v1.0g Enhanced LaTeX Graphics (DPC,SPQR)

(/usr/local/texlive/2015/texmf-dist/tex/latex/graphics/keyval.sty
Package: keyval 2014/10/28 v1.15 key=value parser (DPC)
\KV@toks@=\toks15
)
(/usr/local/texlive/2015/texmf-dist/tex/latex/graphics/graphics.sty
Package: graphics 2014/10/28 v1.0p Standard LaTeX Graphics (DPC,SPQR)

(/usr/local/texlive/2015/texmf-dist/tex/latex/graphics/trig.sty
Package: trig 1999/03/16 v1.09 sin cos tan (DPC)
)
(/usr/local/texlive/2015/texmf-dist/tex/latex/latexconfig/graphics.cfg
File: graphics.cfg 2010/04/23 v1.9 graphics configuration of TeX Live
)
Package graphics Info: Driver file: pdftex.def on input line 94.

(/usr/local/texlive/2015/texmf-dist/tex/latex/pdftex-def/pdftex.def
File: pdftex.def 2011/05/27 v0.06d Graphics/color for pdfTeX

(/usr/local/texlive/2015/texmf-dist/tex/generic/oberdiek/infwarerr.sty
Package: infwarerr 2010/04/08 v1.3 Providing info/warning/error messages (HO)
)
(/usr/local/texlive/2015/texmf-dist/tex/generic/oberdiek/ltxcmds.sty
Package: ltxcmds 2011/11/09 v1.22 LaTeX kernel commands for general use (HO)
)
\Gread@gobject=\count88
))
\Gin@req@height=\dimen105
\Gin@req@width=\dimen106
)
(/usr/local/texlive/2015/texmf-dist/tex/latex/pgf/systemlayer/pgfsys.sty
(/usr/local/texlive/2015/texmf-dist/tex/generic/pgf/systemlayer/pgfsys.code.tex
Package: pgfsys 2013/11/30 v3.0.0 (rcs-revision 1.47)
(/usr/local/texlive/2015/texmf-dist/tex/generic/pgf/utilities/pgfkeys.code.tex
\pgfkeys@pathtoks=\toks16
\pgfkeys@temptoks=\toks17

(/usr/local/texlive/2015/texmf-dist/tex/generic/pgf/utilities/pgfkeysfiltered.c
ode.tex
\pgfkeys@tmptoks=\toks18
))
\pgf@x=\dimen107
\pgf@y=\dimen108
\pgf@xa=\dimen109
\pgf@ya=\dimen110
\pgf@xb=\dimen111
\pgf@yb=\dimen112
\pgf@xc=\dimen113
\pgf@yc=\dimen114
\w@pgf@writea=\write3
\r@pgf@reada=\read1
\c@pgf@counta=\count89
\c@pgf@countb=\count90
\c@pgf@countc=\count91
\c@pgf@countd=\count92
\t@pgf@toka=\toks19
\t@pgf@tokb=\toks20
\t@pgf@tokc=\toks21

(/usr/local/texlive/2015/texmf-dist/tex/generic/pgf/systemlayer/pgf.cfg
File: pgf.cfg 2008/05/14  (rcs-revision 1.7)
)
Driver file for pgf: pgfsys-pdftex.def

(/usr/local/texlive/2015/texmf-dist/tex/generic/pgf/systemlayer/pgfsys-pdftex.d
ef
File: pgfsys-pdftex.def 2013/07/18  (rcs-revision 1.33)

(/usr/local/texlive/2015/texmf-dist/tex/generic/pgf/systemlayer/pgfsys-common-p
df.def
File: pgfsys-common-pdf.def 2013/10/10  (rcs-revision 1.13)
)))
(/usr/local/texlive/2015/texmf-dist/tex/generic/pgf/systemlayer/pgfsyssoftpath.
code.tex
File: pgfsyssoftpath.code.tex 2013/09/09  (rcs-revision 1.9)
\pgfsyssoftpath@smallbuffer@items=\count93
\pgfsyssoftpath@bigbuffer@items=\count94
)
(/usr/local/texlive/2015/texmf-dist/tex/generic/pgf/systemlayer/pgfsysprotocol.
code.tex
File: pgfsysprotocol.code.tex 2006/10/16  (rcs-revision 1.4)
)) (/usr/local/texlive/2015/texmf-dist/tex/latex/xcolor/xcolor.sty
Package: xcolor 2007/01/21 v2.11 LaTeX color extensions (UK)

(/usr/local/texlive/2015/texmf-dist/tex/latex/latexconfig/color.cfg
File: color.cfg 2007/01/18 v1.5 color configuration of teTeX/TeXLive
)
Package xcolor Info: Driver file: pdftex.def on input line 225.
Package xcolor Info: Model `cmy' substituted by `cmy0' on input line 1337.
Package xcolor Info: Model `hsb' substituted by `rgb' on input line 1341.
Package xcolor Info: Model `RGB' extended on input line 1353.
Package xcolor Info: Model `HTML' substituted by `rgb' on input line 1355.
Package xcolor Info: Model `Hsb' substituted by `hsb' on input line 1356.
Package xcolor Info: Model `tHsb' substituted by `hsb' on input line 1357.
Package xcolor Info: Model `HSB' substituted by `hsb' on input line 1358.
Package xcolor Info: Model `Gray' substituted by `gray' on input line 1359.
Package xcolor Info: Model `wave' substituted by `hsb' on input line 1360.
)
(/usr/local/texlive/2015/texmf-dist/tex/generic/pgf/basiclayer/pgfcore.code.tex
Package: pgfcore 2010/04/11 v3.0.0 (rcs-revision 1.7)
(/usr/local/texlive/2015/texmf-dist/tex/generic/pgf/math/pgfmath.code.tex
(/usr/local/texlive/2015/texmf-dist/tex/generic/pgf/math/pgfmathcalc.code.tex
(/usr/local/texlive/2015/texmf-dist/tex/generic/pgf/math/pgfmathutil.code.tex)
(/usr/local/texlive/2015/texmf-dist/tex/generic/pgf/math/pgfmathparser.code.tex
\pgfmath@dimen=\dimen115
\pgfmath@count=\count95
\pgfmath@box=\box27
\pgfmath@toks=\toks22
\pgfmath@stack@operand=\toks23
\pgfmath@stack@operation=\toks24
)
(/usr/local/texlive/2015/texmf-dist/tex/generic/pgf/math/pgfmathfunctions.code.
tex
(/usr/local/texlive/2015/texmf-dist/tex/generic/pgf/math/pgfmathfunctions.basic
.code.tex)
(/usr/local/texlive/2015/texmf-dist/tex/generic/pgf/math/pgfmathfunctions.trigo
nometric.code.tex)
(/usr/local/texlive/2015/texmf-dist/tex/generic/pgf/math/pgfmathfunctions.rando
m.code.tex)
(/usr/local/texlive/2015/texmf-dist/tex/generic/pgf/math/pgfmathfunctions.compa
rison.code.tex)
(/usr/local/texlive/2015/texmf-dist/tex/generic/pgf/math/pgfmathfunctions.base.
code.tex)
(/usr/local/texlive/2015/texmf-dist/tex/generic/pgf/math/pgfmathfunctions.round
.code.tex)
(/usr/local/texlive/2015/texmf-dist/tex/generic/pgf/math/pgfmathfunctions.misc.
code.tex)
(/usr/local/texlive/2015/texmf-dist/tex/generic/pgf/math/pgfmathfunctions.integ
erarithmetics.code.tex)))
(/usr/local/texlive/2015/texmf-dist/tex/generic/pgf/math/pgfmathfloat.code.tex
\c@pgfmathroundto@lastzeros=\count96
))
(/usr/local/texlive/2015/texmf-dist/tex/generic/pgf/basiclayer/pgfcorepoints.co
de.tex
File: pgfcorepoints.code.tex 2013/10/07  (rcs-revision 1.27)
\pgf@picminx=\dimen116
\pgf@picmaxx=\dimen117
\pgf@picminy=\dimen118
\pgf@picmaxy=\dimen119
\pgf@pathminx=\dimen120
\pgf@pathmaxx=\dimen121
\pgf@pathminy=\dimen122
\pgf@pathmaxy=\dimen123
\pgf@xx=\dimen124
\pgf@xy=\dimen125
\pgf@yx=\dimen126
\pgf@yy=\dimen127
\pgf@zx=\dimen128
\pgf@zy=\dimen129
)
(/usr/local/texlive/2015/texmf-dist/tex/generic/pgf/basiclayer/pgfcorepathconst
ruct.code.tex
File: pgfcorepathconstruct.code.tex 2013/10/07  (rcs-revision 1.29)
\pgf@path@lastx=\dimen130
\pgf@path@lasty=\dimen131
)
(/usr/local/texlive/2015/texmf-dist/tex/generic/pgf/basiclayer/pgfcorepathusage
.code.tex
File: pgfcorepathusage.code.tex 2013/12/13  (rcs-revision 1.23)
\pgf@shorten@end@additional=\dimen132
\pgf@shorten@start@additional=\dimen133
)
(/usr/local/texlive/2015/texmf-dist/tex/generic/pgf/basiclayer/pgfcorescopes.co
de.tex
File: pgfcorescopes.code.tex 2013/10/09  (rcs-revision 1.44)
\pgfpic=\box28
\pgf@hbox=\box29
\pgf@layerbox@main=\box30
\pgf@picture@serial@count=\count97
)
(/usr/local/texlive/2015/texmf-dist/tex/generic/pgf/basiclayer/pgfcoregraphicst
ate.code.tex
File: pgfcoregraphicstate.code.tex 2013/09/19  (rcs-revision 1.11)
\pgflinewidth=\dimen134
)
(/usr/local/texlive/2015/texmf-dist/tex/generic/pgf/basiclayer/pgfcoretransform
ations.code.tex
File: pgfcoretransformations.code.tex 2013/10/10  (rcs-revision 1.17)
\pgf@pt@x=\dimen135
\pgf@pt@y=\dimen136
\pgf@pt@temp=\dimen137
)
(/usr/local/texlive/2015/texmf-dist/tex/generic/pgf/basiclayer/pgfcorequick.cod
e.tex
File: pgfcorequick.code.tex 2008/10/09  (rcs-revision 1.3)
)
(/usr/local/texlive/2015/texmf-dist/tex/generic/pgf/basiclayer/pgfcoreobjects.c
ode.tex
File: pgfcoreobjects.code.tex 2006/10/11  (rcs-revision 1.2)
)
(/usr/local/texlive/2015/texmf-dist/tex/generic/pgf/basiclayer/pgfcorepathproce
ssing.code.tex
File: pgfcorepathprocessing.code.tex 2013/09/09  (rcs-revision 1.9)
)
(/usr/local/texlive/2015/texmf-dist/tex/generic/pgf/basiclayer/pgfcorearrows.co
de.tex
File: pgfcorearrows.code.tex 2013/11/07  (rcs-revision 1.40)
\pgfarrowsep=\dimen138
)
(/usr/local/texlive/2015/texmf-dist/tex/generic/pgf/basiclayer/pgfcoreshade.cod
e.tex
File: pgfcoreshade.code.tex 2013/07/15  (rcs-revision 1.15)
\pgf@max=\dimen139
\pgf@sys@shading@range@num=\count98
)
(/usr/local/texlive/2015/texmf-dist/tex/generic/pgf/basiclayer/pgfcoreimage.cod
e.tex
File: pgfcoreimage.code.tex 2013/07/15  (rcs-revision 1.18)

(/usr/local/texlive/2015/texmf-dist/tex/generic/pgf/basiclayer/pgfcoreexternal.
code.tex
File: pgfcoreexternal.code.tex 2013/07/15  (rcs-revision 1.20)
\pgfexternal@startupbox=\box31
))
(/usr/local/texlive/2015/texmf-dist/tex/generic/pgf/basiclayer/pgfcorelayers.co
de.tex
File: pgfcorelayers.code.tex 2013/07/18  (rcs-revision 1.7)
)
(/usr/local/texlive/2015/texmf-dist/tex/generic/pgf/basiclayer/pgfcoretranspare
ncy.code.tex
File: pgfcoretransparency.code.tex 2013/09/30  (rcs-revision 1.5)
)
(/usr/local/texlive/2015/texmf-dist/tex/generic/pgf/basiclayer/pgfcorepatterns.
code.tex
File: pgfcorepatterns.code.tex 2013/11/07  (rcs-revision 1.5)
)))
(/usr/local/texlive/2015/texmf-dist/tex/generic/pgf/modules/pgfmoduleshapes.cod
e.tex
File: pgfmoduleshapes.code.tex 2013/10/31  (rcs-revision 1.34)
\pgfnodeparttextbox=\box32
)
(/usr/local/texlive/2015/texmf-dist/tex/generic/pgf/modules/pgfmoduleplot.code.
tex
File: pgfmoduleplot.code.tex 2013/07/31  (rcs-revision 1.12)
)
(/usr/local/texlive/2015/texmf-dist/tex/latex/pgf/compatibility/pgfcomp-version
-0-65.sty
Package: pgfcomp-version-0-65 2007/07/03 v3.0.0 (rcs-revision 1.7)
\pgf@nodesepstart=\dimen140
\pgf@nodesepend=\dimen141
)
(/usr/local/texlive/2015/texmf-dist/tex/latex/pgf/compatibility/pgfcomp-version
-1-18.sty
Package: pgfcomp-version-1-18 2007/07/23 v3.0.0 (rcs-revision 1.1)
))
(/usr/local/texlive/2015/texmf-dist/tex/latex/pgf/utilities/pgffor.sty
(/usr/local/texlive/2015/texmf-dist/tex/latex/pgf/utilities/pgfkeys.sty
(/usr/local/texlive/2015/texmf-dist/tex/generic/pgf/utilities/pgfkeys.code.tex)
) (/usr/local/texlive/2015/texmf-dist/tex/latex/pgf/math/pgfmath.sty
(/usr/local/texlive/2015/texmf-dist/tex/generic/pgf/math/pgfmath.code.tex))
(/usr/local/texlive/2015/texmf-dist/tex/generic/pgf/utilities/pgffor.code.tex
Package: pgffor 2013/12/13 v3.0.0 (rcs-revision 1.25)

(/usr/local/texlive/2015/texmf-dist/tex/generic/pgf/math/pgfmath.code.tex)
\pgffor@iter=\dimen142
\pgffor@skip=\dimen143
\pgffor@stack=\toks25
\pgffor@toks=\toks26
))
(/usr/local/texlive/2015/texmf-dist/tex/generic/pgf/frontendlayer/tikz/tikz.cod
e.tex
Package: tikz 2013/12/13 v3.0.0 (rcs-revision 1.142)

(/usr/local/texlive/2015/texmf-dist/tex/generic/pgf/libraries/pgflibraryplothan
dlers.code.tex
File: pgflibraryplothandlers.code.tex 2013/08/31 v3.0.0 (rcs-revision 1.20)
\pgf@plot@mark@count=\count99
\pgfplotmarksize=\dimen144
)
\tikz@lastx=\dimen145
\tikz@lasty=\dimen146
\tikz@lastxsaved=\dimen147
\tikz@lastysaved=\dimen148
\tikzleveldistance=\dimen149
\tikzsiblingdistance=\dimen150
\tikz@figbox=\box33
\tikz@figbox@bg=\box34
\tikz@tempbox=\box35
\tikz@tempbox@bg=\box36
\tikztreelevel=\count100
\tikznumberofchildren=\count101
\tikznumberofcurrentchild=\count102
\tikz@fig@count=\count103

(/usr/local/texlive/2015/texmf-dist/tex/generic/pgf/modules/pgfmodulematrix.cod
e.tex
File: pgfmodulematrix.code.tex 2013/09/17  (rcs-revision 1.8)
\pgfmatrixcurrentrow=\count104
\pgfmatrixcurrentcolumn=\count105
\pgf@matrix@numberofcolumns=\count106
)
\tikz@expandcount=\count107

(/usr/local/texlive/2015/texmf-dist/tex/generic/pgf/frontendlayer/tikz/librarie
s/tikzlibrarytopaths.code.tex
File: tikzlibrarytopaths.code.tex 2008/06/17 v3.0.0 (rcs-revision 1.2)
)))
(/usr/local/texlive/2015/texmf-dist/tex/generic/pgf/frontendlayer/tikz/librarie
s/tikzlibraryarrows.code.tex
File: tikzlibraryarrows.code.tex 2008/01/09 v3.0.0 (rcs-revision 1.1)

(/usr/local/texlive/2015/texmf-dist/tex/generic/pgf/libraries/pgflibraryarrows.
code.tex
File: pgflibraryarrows.code.tex 2013/09/23 v3.0.0 (rcs-revision 1.16)
\arrowsize=\dimen151
))
(/usr/local/texlive/2015/texmf-dist/tex/generic/pgf/frontendlayer/tikz/librarie
s/tikzlibrarybackgrounds.code.tex
File: tikzlibrarybackgrounds.code.tex 2013/07/18 v3.0.0 (rcs-revision 1.3)
\pgf@layerbox@background=\box37
\pgf@layerboxsaved@background=\box38
)
(/usr/local/texlive/2015/texmf-dist/tex/generic/pgf/frontendlayer/tikz/librarie
s/tikzlibrarycalc.code.tex
File: tikzlibrarycalc.code.tex 2013/07/15 v3.0.0 (rcs-revision 1.9)
)
(/usr/local/texlive/2015/texmf-dist/tex/generic/pgf/frontendlayer/tikz/librarie
s/tikzlibrarypatterns.code.tex
File: tikzlibrarypatterns.code.tex 2008/01/15 v3.0.0 (rcs-revision 1.2)

(/usr/local/texlive/2015/texmf-dist/tex/generic/pgf/libraries/pgflibrarypattern
s.code.tex
File: pgflibrarypatterns.code.tex 2008/03/03 v3.0.0 (rcs-revision 1.13)
))
(/usr/local/texlive/2015/texmf-dist/tex/generic/pgf/frontendlayer/tikz/librarie
s/tikzlibrarypositioning.code.tex
File: tikzlibrarypositioning.code.tex 2008/10/06 v3.0.0 (rcs-revision 1.7)
)
(/usr/local/texlive/2015/texmf-dist/tex/generic/pgf/frontendlayer/tikz/librarie
s/tikzlibraryshapes.geometric.code.tex
File: tikzlibraryshapes.geometric.code.tex 2008/01/09 v3.0.0 (rcs-revision 1.1)


(/usr/local/texlive/2015/texmf-dist/tex/generic/pgf/libraries/shapes/pgflibrary
shapes.geometric.code.tex
File: pgflibraryshapes.geometric.code.tex 2008/06/26 v3.0.0 (rcs-revision 1.1)
))
(/usr/local/texlive/2015/texmf-dist/tex/latex/pgf/utilities/pgfcalendar.sty
(/usr/local/texlive/2015/texmf-dist/tex/generic/pgf/utilities/pgfcalendar.code.
tex
File: pgfcalendar.code.tex 2007/07/23 v3.0.0 (rcs-revision 1.11)
\pgfcalendarcurrentjulian=\count108
))
\gtt@currentline=\count109
\gtt@lasttitleline=\count110
\gtt@currgrid=\count111
\gtt@chartwidth=\count112
\gtt@lasttitleslot=\count113
\gtt@elementid=\count114
\gtt@today@slot=\count115
\gtt@startjulian=\count116
\gtt@endjulian=\count117
\gtt@calendar@slots=\count118
\gtt@calendar@weeknumber=\count119
\gtt@calendar@startofweek=\count120
\gtt@left@slot=\count121
\gtt@right@slot=\count122
) (/usr/local/texlive/2015/texmf-dist/tex/latex/footmisc/footmisc.sty
Package: footmisc 2011/06/06 v5.5b a miscellany of footnote facilities
\FN@temptoken=\toks27
\footnotemargin=\dimen152
\c@pp@next@reset=\count123
Package footmisc Info: Declaring symbol style bringhurst on input line 855.
Package footmisc Info: Declaring symbol style chicago on input line 863.
Package footmisc Info: Declaring symbol style wiley on input line 872.
Package footmisc Info: Declaring symbol style lamport-robust on input line 883.

Package footmisc Info: Declaring symbol style lamport* on input line 903.
Package footmisc Info: Declaring symbol style lamport*-robust on input line 924
.
)
(/usr/local/texlive/2015/texmf-dist/tex/latex/hyperref/hyperref.sty
Package: hyperref 2012/11/06 v6.83m Hypertext links for LaTeX

(/usr/local/texlive/2015/texmf-dist/tex/generic/oberdiek/hobsub-hyperref.sty
Package: hobsub-hyperref 2012/05/28 v1.13 Bundle oberdiek, subset hyperref (HO)


(/usr/local/texlive/2015/texmf-dist/tex/generic/oberdiek/hobsub-generic.sty
Package: hobsub-generic 2012/05/28 v1.13 Bundle oberdiek, subset generic (HO)
Package: hobsub 2012/05/28 v1.13 Construct package bundles (HO)
Package hobsub Info: Skipping package `infwarerr' (already loaded).
Package hobsub Info: Skipping package `ltxcmds' (already loaded).
Package: ifluatex 2010/03/01 v1.3 Provides the ifluatex switch (HO)
Package ifluatex Info: LuaTeX not detected.
Package: ifvtex 2010/03/01 v1.5 Detect VTeX and its facilities (HO)
Package ifvtex Info: VTeX not detected.
Package: intcalc 2007/09/27 v1.1 Expandable calculations with integers (HO)
Package: ifpdf 2011/01/30 v2.3 Provides the ifpdf switch (HO)
Package ifpdf Info: pdfTeX in PDF mode is detected.
Package: etexcmds 2011/02/16 v1.5 Avoid name clashes with e-TeX commands (HO)
Package etexcmds Info: Could not find \expanded.
(etexcmds)             That can mean that you are not using pdfTeX 1.50 or
(etexcmds)             that some package has redefined \expanded.
(etexcmds)             In the latter case, load this package earlier.
Package: kvsetkeys 2012/04/25 v1.16 Key value parser (HO)
Package: kvdefinekeys 2011/04/07 v1.3 Define keys (HO)
Package: pdftexcmds 2011/11/29 v0.20 Utility functions of pdfTeX for LuaTeX (HO
)
Package pdftexcmds Info: LuaTeX not detected.
Package pdftexcmds Info: \pdf@primitive is available.
Package pdftexcmds Info: \pdf@ifprimitive is available.
Package pdftexcmds Info: \pdfdraftmode found.
Package: pdfescape 2011/11/25 v1.13 Implements pdfTeX's escape features (HO)
Package: bigintcalc 2012/04/08 v1.3 Expandable calculations on big integers (HO
)
Package: bitset 2011/01/30 v1.1 Handle bit-vector datatype (HO)
Package: uniquecounter 2011/01/30 v1.2 Provide unlimited unique counter (HO)
)
Package hobsub Info: Skipping package `hobsub' (already loaded).
Package: letltxmacro 2010/09/02 v1.4 Let assignment for LaTeX macros (HO)
Package: hopatch 2012/05/28 v1.2 Wrapper for package hooks (HO)
Package: xcolor-patch 2011/01/30 xcolor patch
Package: atveryend 2011/06/30 v1.8 Hooks at the very end of document (HO)
Package atveryend Info: \enddocument detected (standard20110627).
Package: atbegshi 2011/10/05 v1.16 At begin shipout hook (HO)
Package: refcount 2011/10/16 v3.4 Data extraction from label references (HO)
Package: hycolor 2011/01/30 v1.7 Color options for hyperref/bookmark (HO)
)
(/usr/local/texlive/2015/texmf-dist/tex/generic/ifxetex/ifxetex.sty
Package: ifxetex 2010/09/12 v0.6 Provides ifxetex conditional
)
(/usr/local/texlive/2015/texmf-dist/tex/latex/oberdiek/auxhook.sty
Package: auxhook 2011/03/04 v1.3 Hooks for auxiliary files (HO)
)
(/usr/local/texlive/2015/texmf-dist/tex/latex/oberdiek/kvoptions.sty
Package: kvoptions 2011/06/30 v3.11 Key value format for package options (HO)
)
\@linkdim=\dimen153
\Hy@linkcounter=\count124
\Hy@pagecounter=\count125

(/usr/local/texlive/2015/texmf-dist/tex/latex/hyperref/pd1enc.def
File: pd1enc.def 2012/11/06 v6.83m Hyperref: PDFDocEncoding definition (HO)
)
\Hy@SavedSpaceFactor=\count126

(/usr/local/texlive/2015/texmf-dist/tex/latex/latexconfig/hyperref.cfg
File: hyperref.cfg 2002/06/06 v1.2 hyperref configuration of TeXLive
)
Package hyperref Info: Option `hyperfootnotes' set `false' on input line 4319.
Package hyperref Info: Hyper figures OFF on input line 4443.
Package hyperref Info: Link nesting OFF on input line 4448.
Package hyperref Info: Hyper index ON on input line 4451.
Package hyperref Info: Plain pages OFF on input line 4458.
Package hyperref Info: Backreferencing OFF on input line 4463.
Package hyperref Info: Implicit mode ON; LaTeX internals redefined.
Package hyperref Info: Bookmarks ON on input line 4688.
\c@Hy@tempcnt=\count127

(/usr/local/texlive/2015/texmf-dist/tex/latex/url/url.sty
\Urlmuskip=\muskip10
Package: url 2013/09/16  ver 3.4  Verb mode for urls, etc.
)
LaTeX Info: Redefining \url on input line 5041.
\XeTeXLinkMargin=\dimen154
\Fld@menulength=\count128
\Field@Width=\dimen155
\Fld@charsize=\dimen156
Package hyperref Info: Hyper figures OFF on input line 6295.
Package hyperref Info: Link nesting OFF on input line 6300.
Package hyperref Info: Hyper index ON on input line 6303.
Package hyperref Info: backreferencing OFF on input line 6310.
Package hyperref Info: Link coloring OFF on input line 6315.
Package hyperref Info: Link coloring with OCG OFF on input line 6320.
Package hyperref Info: PDF/A mode OFF on input line 6325.
LaTeX Info: Redefining \ref on input line 6365.
LaTeX Info: Redefining \pageref on input line 6369.
\Hy@abspage=\count129
\c@Item=\count130
)

Package hyperref Message: Driver (autodetected): hpdftex.

(/usr/local/texlive/2015/texmf-dist/tex/latex/hyperref/hpdftex.def
File: hpdftex.def 2012/11/06 v6.83m Hyperref driver for pdfTeX
\Fld@listcount=\count131
\c@bookmark@seq@number=\count132

(/usr/local/texlive/2015/texmf-dist/tex/latex/oberdiek/rerunfilecheck.sty
Package: rerunfilecheck 2011/04/15 v1.7 Rerun checks for auxiliary files (HO)
Package uniquecounter Info: New unique counter `rerunfilecheck' on input line 2
82.
)
\Hy@SectionHShift=\skip43
)
(/usr/local/texlive/2015/texmf-dist/tex/latex/footnotebackref/footnotebackref.s
ty
Package: footnotebackref 2012/07/01 v1.0 Backreferences for footnotes (Holger L
ange)
\c@BackrefHyperFootnoteCounter=\count133
)
(/usr/local/texlive/2015/texmf-dist/tex/generic/pgf/frontendlayer/tikz/librarie
s/tikzlibraryshapes.code.tex
File: tikzlibraryshapes.code.tex 2008/01/09 v3.0.0 (rcs-revision 1.1)

(/usr/local/texlive/2015/texmf-dist/tex/generic/pgf/frontendlayer/tikz/librarie
s/tikzlibraryshapes.misc.code.tex
File: tikzlibraryshapes.misc.code.tex 2008/01/09 v3.0.0 (rcs-revision 1.1)

(/usr/local/texlive/2015/texmf-dist/tex/generic/pgf/libraries/shapes/pgflibrary
shapes.misc.code.tex
File: pgflibraryshapes.misc.code.tex 2013/07/18 v3.0.0 (rcs-revision 1.5)
))
(/usr/local/texlive/2015/texmf-dist/tex/generic/pgf/frontendlayer/tikz/librarie
s/tikzlibraryshapes.symbols.code.tex
File: tikzlibraryshapes.symbols.code.tex 2008/01/09 v3.0.0 (rcs-revision 1.1)

(/usr/local/texlive/2015/texmf-dist/tex/generic/pgf/libraries/shapes/pgflibrary
shapes.symbols.code.tex
File: pgflibraryshapes.symbols.code.tex 2013/09/11 v3.0.0 (rcs-revision 1.6)
))
(/usr/local/texlive/2015/texmf-dist/tex/generic/pgf/frontendlayer/tikz/librarie
s/tikzlibraryshapes.arrows.code.tex
File: tikzlibraryshapes.arrows.code.tex 2008/01/09 v3.0.0 (rcs-revision 1.1)

(/usr/local/texlive/2015/texmf-dist/tex/generic/pgf/libraries/shapes/pgflibrary
shapes.arrows.code.tex
File: pgflibraryshapes.arrows.code.tex 2008/06/26 v3.0.0 (rcs-revision 1.1)
))
(/usr/local/texlive/2015/texmf-dist/tex/generic/pgf/frontendlayer/tikz/librarie
s/tikzlibraryshapes.callouts.code.tex
(/usr/local/texlive/2015/texmf-dist/tex/generic/pgf/libraries/shapes/pgflibrary
shapes.callouts.code.tex))
(/usr/local/texlive/2015/texmf-dist/tex/generic/pgf/frontendlayer/tikz/librarie
s/tikzlibraryshapes.multipart.code.tex
File: tikzlibraryshapes.multipart.code.tex 2008/01/09 v3.0.0 (rcs-revision 1.1)


(/usr/local/texlive/2015/texmf-dist/tex/generic/pgf/libraries/shapes/pgflibrary
shapes.multipart.code.tex
File: pgflibraryshapes.multipart.code.tex 2010/01/07 v3.0.0 (rcs-revision 1.2)
\pgfnodepartlowerbox=\box39
\pgfnodeparttwobox=\box40
\pgfnodepartthreebox=\box41
\pgfnodepartfourbox=\box42
\pgfnodeparttwentybox=\box43
\pgfnodepartnineteenbox=\box44
\pgfnodeparteighteenbox=\box45
\pgfnodepartseventeenbox=\box46
\pgfnodepartsixteenbox=\box47
\pgfnodepartfifteenbox=\box48
\pgfnodepartfourteenbox=\box49
\pgfnodepartthirteenbox=\box50
\pgfnodeparttwelvebox=\box51
\pgfnodepartelevenbox=\box52
\pgfnodeparttenbox=\box53
\pgfnodepartninebox=\box54
\pgfnodeparteightbox=\box55
\pgfnodepartsevenbox=\box56
\pgfnodepartsixbox=\box57
\pgfnodepartfivebox=\box58
)))
(/usr/local/texlive/2015/texmf-dist/tex/latex/wrapfig/wrapfig.sty
\wrapoverhang=\dimen157
\WF@size=\dimen158
\c@WF@wrappedlines=\count134
\WF@box=\box59
\WF@everypar=\toks28
Package: wrapfig 2003/01/31  v 3.6
)
(/usr/local/texlive/2015/texmf-dist/tex/latex/lipsum/lipsum.sty
Package: lipsum 2014/07/27 v1.3 150 paragraphs of Lorem Ipsum dummy text
\c@lips@count=\count135
)
(/usr/local/texlive/2015/texmf-dist/tex/latex/float/float.sty
Package: float 2001/11/08 v1.3d Float enhancements (AL)
\c@float@type=\count136
\float@exts=\toks29
\float@box=\box60
\@float@everytoks=\toks30
\@floatcapt=\box61
)
(/usr/local/texlive/2015/texmf-dist/tex/latex/caption/caption.sty
Package: caption 2013/05/02 v3.3-89 Customizing captions (AR)

(/usr/local/texlive/2015/texmf-dist/tex/latex/caption/caption3.sty
Package: caption3 2013/05/02 v1.6-88 caption3 kernel (AR)
Package caption3 Info: TeX engine: e-TeX on input line 57.
\captionmargin=\dimen159
\captionmargin@=\dimen160
\captionwidth=\dimen161
\caption@tempdima=\dimen162
\caption@indent=\dimen163
\caption@parindent=\dimen164
\caption@hangindent=\dimen165
)
\c@ContinuedFloat=\count137
Package caption Info: float package is loaded.
Package caption Info: hyperref package is loaded.
Package caption Info: wrapfig package is loaded.
)
(/usr/local/texlive/2015/texmf-dist/tex/latex/caption/subcaption.sty
Package: subcaption 2013/02/03 v1.1-62 Sub-captions (AR)
\c@subfigure=\count138
\c@subtable=\count139
)
(/usr/local/texlive/2015/texmf-dist/tex/latex/cleveref/cleveref.sty
Package: cleveref 2013/12/28 v0.19 Intelligent cross-referencing
Package cleveref Info: `hyperref' support loaded on input line 2230.
LaTeX Info: Redefining \cref on input line 2230.
LaTeX Info: Redefining \Cref on input line 2230.
LaTeX Info: Redefining \crefrange on input line 2230.
LaTeX Info: Redefining \Crefrange on input line 2230.
LaTeX Info: Redefining \cpageref on input line 2230.
LaTeX Info: Redefining \Cpageref on input line 2230.
LaTeX Info: Redefining \cpagerefrange on input line 2230.
LaTeX Info: Redefining \Cpagerefrange on input line 2230.
LaTeX Info: Redefining \labelcref on input line 2230.
LaTeX Info: Redefining \labelcpageref on input line 2230.
Package cleveref Info: include cross-reference names in hyperlinks on input lin
e 7476.
Package cleveref Info: include cross-reference names in hyperlinks on input lin
e 7493.
)
(/usr/local/texlive/2015/texmf-dist/tex/latex/notoccite/notoccite.sty
Package: notoccite 2000/07/20
)
(/usr/local/texlive/2015/texmf-dist/tex/latex/amsmath/amsmath.sty
Package: amsmath 2013/01/14 v2.14 AMS math features
\@mathmargin=\skip44

For additional information on amsmath, use the `?' option.
(/usr/local/texlive/2015/texmf-dist/tex/latex/amsmath/amstext.sty
Package: amstext 2000/06/29 v2.01

(/usr/local/texlive/2015/texmf-dist/tex/latex/amsmath/amsgen.sty
File: amsgen.sty 1999/11/30 v2.0
\@emptytoks=\toks31
\ex@=\dimen166
))
(/usr/local/texlive/2015/texmf-dist/tex/latex/amsmath/amsbsy.sty
Package: amsbsy 1999/11/29 v1.2d
\pmbraise@=\dimen167
)
(/usr/local/texlive/2015/texmf-dist/tex/latex/amsmath/amsopn.sty
Package: amsopn 1999/12/14 v2.01 operator names
)
\inf@bad=\count140
LaTeX Info: Redefining \frac on input line 210.
\uproot@=\count141
\leftroot@=\count142
LaTeX Info: Redefining \overline on input line 306.
\classnum@=\count143
\DOTSCASE@=\count144
LaTeX Info: Redefining \ldots on input line 378.
LaTeX Info: Redefining \dots on input line 381.
LaTeX Info: Redefining \cdots on input line 466.
\Mathstrutbox@=\box62
\strutbox@=\box63
\big@size=\dimen168
LaTeX Font Info:    Redeclaring font encoding OML on input line 566.
LaTeX Font Info:    Redeclaring font encoding OMS on input line 567.
\macc@depth=\count145
\c@MaxMatrixCols=\count146
\dotsspace@=\muskip11
\c@parentequation=\count147
\dspbrk@lvl=\count148
\tag@help=\toks32
\row@=\count149
\column@=\count150
\maxfields@=\count151
\andhelp@=\toks33
\eqnshift@=\dimen169
\alignsep@=\dimen170
\tagshift@=\dimen171
\tagwidth@=\dimen172
\totwidth@=\dimen173
\lineht@=\dimen174
\@envbody=\toks34
\multlinegap=\skip45
\multlinetaggap=\skip46
\mathdisplay@stack=\toks35
LaTeX Info: Redefining \[ on input line 2665.
LaTeX Info: Redefining \] on input line 2666.
)
(/usr/local/texlive/2015/texmf-dist/tex/latex/listings/listings.sty
\lst@mode=\count152
\lst@gtempboxa=\box64
\lst@token=\toks36
\lst@length=\count153
\lst@currlwidth=\dimen175
\lst@column=\count154
\lst@pos=\count155
\lst@lostspace=\dimen176
\lst@width=\dimen177
\lst@newlines=\count156
\lst@lineno=\count157
\lst@maxwidth=\dimen178

(/usr/local/texlive/2015/texmf-dist/tex/latex/listings/lstmisc.sty
File: lstmisc.sty 2014/09/06 1.5e (Carsten Heinz)
\c@lstnumber=\count158
\lst@skipnumbers=\count159
\lst@framebox=\box65
)
(/usr/local/texlive/2015/texmf-dist/tex/latex/listings/listings.cfg
File: listings.cfg 2014/09/06 1.5e listings configuration
))
Package: listings 2014/09/06 1.5e (Carsten Heinz)
\@float@every@figure=\toks37

(./config.tex
(/usr/local/texlive/2015/texmf-dist/tex/latex/setspace/setspace.sty
Package: setspace 2011/12/19 v6.7a set line spacing
)
(/usr/local/texlive/2015/texmf-dist/tex/latex/geometry/geometry.sty
Package: geometry 2010/09/12 v5.6 Page Geometry
\Gm@cnth=\count160
\Gm@cntv=\count161
\c@Gm@tempcnt=\count162
\Gm@bindingoffset=\dimen179
\Gm@wd@mp=\dimen180
\Gm@odd@mp=\dimen181
\Gm@even@mp=\dimen182
\Gm@layoutwidth=\dimen183
\Gm@layoutheight=\dimen184
\Gm@layouthoffset=\dimen185
\Gm@layoutvoffset=\dimen186
\Gm@dimlist=\toks38
)
(/usr/local/texlive/2015/texmf-dist/tex/latex/appendix/appendix.sty
Package: appendix 2009/09/02 v1.2b extra appendix facilities
\c@@pps=\count163
\c@@ppsavesec=\count164
\c@@ppsaveapp=\count165
)
(/usr/local/texlive/2015/texmf-dist/tex/latex/adjustbox/adjustbox.sty
Package: adjustbox 2012/05/21 v1.0 Adjusting TeX boxes (trim, clip, ...)

(/usr/local/texlive/2015/texmf-dist/tex/latex/xkeyval/xkeyval.sty
Package: xkeyval 2014/12/03 v2.7a package option processing (HA)

(/usr/local/texlive/2015/texmf-dist/tex/generic/xkeyval/xkeyval.tex
(/usr/local/texlive/2015/texmf-dist/tex/generic/xkeyval/xkvutils.tex
\XKV@toks=\toks39
\XKV@tempa@toks=\toks40
)
\XKV@depth=\count166
File: xkeyval.tex 2014/12/03 v2.7a key=value parser (HA)
))
(/usr/local/texlive/2015/texmf-dist/tex/latex/adjustbox/adjcalc.sty
Package: adjcalc 2012/05/16 v1.1 Provides advanced setlength with multiple back
-ends (calc, etex, pgfmath)
)
(/usr/local/texlive/2015/texmf-dist/tex/latex/adjustbox/trimclip.sty
Package: trimclip 2012/05/16 v1.0 Trim and clip general TeX material

(/usr/local/texlive/2015/texmf-dist/tex/latex/collectbox/collectbox.sty
Package: collectbox 2012/05/17 v0.4b Collect macro arguments as boxes
\collectedbox=\box66
)
\tc@llx=\dimen187
\tc@lly=\dimen188
\tc@urx=\dimen189
\tc@ury=\dimen190
Package trimclip Info: Using driver 'tc-pdftex.def'.

(/usr/local/texlive/2015/texmf-dist/tex/latex/adjustbox/tc-pdftex.def
File: tc-pdftex.def 2012/05/13 v1.0 Clipping driver for pdftex
))
\adjbox@Width=\dimen191
\adjbox@Height=\dimen192
\adjbox@Depth=\dimen193
\adjbox@Totalheight=\dimen194

(/usr/local/texlive/2015/texmf-dist/tex/latex/ifoddpage/ifoddpage.sty
Package: ifoddpage 2011/09/13 v1.0 Conditionals for odd/even page detection
\c@checkoddpage=\count167
)
(/usr/local/texlive/2015/texmf-dist/tex/latex/varwidth/varwidth.sty
Package: varwidth 2009/03/30 ver 0.92;  Variable-width minipages
\@vwid@box=\box67
\sift@deathcycles=\count168
\@vwid@loff=\dimen195
\@vwid@roff=\dimen196
))
(/usr/local/texlive/2015/texmf-dist/tex/latex/base/fontenc.sty
Package: fontenc 2005/09/27 v1.99g Standard LaTeX package

(/usr/local/texlive/2015/texmf-dist/tex/latex/base/t1enc.def
File: t1enc.def 2005/09/27 v1.99g Standard LaTeX file
LaTeX Font Info:    Redeclaring font encoding T1 on input line 48.
))
(/usr/local/texlive/2015/texmf-dist/tex/latex/base/textcomp.sty
Package: textcomp 2005/09/27 v1.99g Standard LaTeX package
Package textcomp Info: Sub-encoding information:
(textcomp)               5 = only ISO-Adobe without \textcurrency
(textcomp)               4 = 5 + \texteuro
(textcomp)               3 = 4 + \textohm
(textcomp)               2 = 3 + \textestimated + \textcurrency
(textcomp)               1 = TS1 - \textcircled - \t
(textcomp)               0 = TS1 (full)
(textcomp)             Font families with sub-encoding setting implement
(textcomp)             only a restricted character set as indicated.
(textcomp)             Family '?' is the default used for unknown fonts.
(textcomp)             See the documentation for details.
Package textcomp Info: Setting ? sub-encoding to TS1/1 on input line 79.

(/usr/local/texlive/2015/texmf-dist/tex/latex/base/ts1enc.def
File: ts1enc.def 2001/06/05 v3.0e (jk/car/fm) Standard LaTeX file
)
LaTeX Info: Redefining \oldstylenums on input line 334.
Package textcomp Info: Setting cmr sub-encoding to TS1/0 on input line 349.
Package textcomp Info: Setting cmss sub-encoding to TS1/0 on input line 350.
Package textcomp Info: Setting cmtt sub-encoding to TS1/0 on input line 351.
Package textcomp Info: Setting cmvtt sub-encoding to TS1/0 on input line 352.
Package textcomp Info: Setting cmbr sub-encoding to TS1/0 on input line 353.
Package textcomp Info: Setting cmtl sub-encoding to TS1/0 on input line 354.
Package textcomp Info: Setting ccr sub-encoding to TS1/0 on input line 355.
Package textcomp Info: Setting ptm sub-encoding to TS1/4 on input line 356.
Package textcomp Info: Setting pcr sub-encoding to TS1/4 on input line 357.
Package textcomp Info: Setting phv sub-encoding to TS1/4 on input line 358.
Package textcomp Info: Setting ppl sub-encoding to TS1/3 on input line 359.
Package textcomp Info: Setting pag sub-encoding to TS1/4 on input line 360.
Package textcomp Info: Setting pbk sub-encoding to TS1/4 on input line 361.
Package textcomp Info: Setting pnc sub-encoding to TS1/4 on input line 362.
Package textcomp Info: Setting pzc sub-encoding to TS1/4 on input line 363.
Package textcomp Info: Setting bch sub-encoding to TS1/4 on input line 364.
Package textcomp Info: Setting put sub-encoding to TS1/5 on input line 365.
Package textcomp Info: Setting uag sub-encoding to TS1/5 on input line 366.
Package textcomp Info: Setting ugq sub-encoding to TS1/5 on input line 367.
Package textcomp Info: Setting ul8 sub-encoding to TS1/4 on input line 368.
Package textcomp Info: Setting ul9 sub-encoding to TS1/4 on input line 369.
Package textcomp Info: Setting augie sub-encoding to TS1/5 on input line 370.
Package textcomp Info: Setting dayrom sub-encoding to TS1/3 on input line 371.
Package textcomp Info: Setting dayroms sub-encoding to TS1/3 on input line 372.

Package textcomp Info: Setting pxr sub-encoding to TS1/0 on input line 373.
Package textcomp Info: Setting pxss sub-encoding to TS1/0 on input line 374.
Package textcomp Info: Setting pxtt sub-encoding to TS1/0 on input line 375.
Package textcomp Info: Setting txr sub-encoding to TS1/0 on input line 376.
Package textcomp Info: Setting txss sub-encoding to TS1/0 on input line 377.
Package textcomp Info: Setting txtt sub-encoding to TS1/0 on input line 378.
Package textcomp Info: Setting lmr sub-encoding to TS1/0 on input line 379.
Package textcomp Info: Setting lmdh sub-encoding to TS1/0 on input line 380.
Package textcomp Info: Setting lmss sub-encoding to TS1/0 on input line 381.
Package textcomp Info: Setting lmssq sub-encoding to TS1/0 on input line 382.
Package textcomp Info: Setting lmvtt sub-encoding to TS1/0 on input line 383.
Package textcomp Info: Setting lmtt sub-encoding to TS1/0 on input line 384.
Package textcomp Info: Setting qhv sub-encoding to TS1/0 on input line 385.
Package textcomp Info: Setting qag sub-encoding to TS1/0 on input line 386.
Package textcomp Info: Setting qbk sub-encoding to TS1/0 on input line 387.
Package textcomp Info: Setting qcr sub-encoding to TS1/0 on input line 388.
Package textcomp Info: Setting qcs sub-encoding to TS1/0 on input line 389.
Package textcomp Info: Setting qpl sub-encoding to TS1/0 on input line 390.
Package textcomp Info: Setting qtm sub-encoding to TS1/0 on input line 391.
Package textcomp Info: Setting qzc sub-encoding to TS1/0 on input line 392.
Package textcomp Info: Setting qhvc sub-encoding to TS1/0 on input line 393.
Package textcomp Info: Setting futs sub-encoding to TS1/4 on input line 394.
Package textcomp Info: Setting futx sub-encoding to TS1/4 on input line 395.
Package textcomp Info: Setting futj sub-encoding to TS1/4 on input line 396.
Package textcomp Info: Setting hlh sub-encoding to TS1/3 on input line 397.
Package textcomp Info: Setting hls sub-encoding to TS1/3 on input line 398.
Package textcomp Info: Setting hlst sub-encoding to TS1/3 on input line 399.
Package textcomp Info: Setting hlct sub-encoding to TS1/5 on input line 400.
Package textcomp Info: Setting hlx sub-encoding to TS1/5 on input line 401.
Package textcomp Info: Setting hlce sub-encoding to TS1/5 on input line 402.
Package textcomp Info: Setting hlcn sub-encoding to TS1/5 on input line 403.
Package textcomp Info: Setting hlcw sub-encoding to TS1/5 on input line 404.
Package textcomp Info: Setting hlcf sub-encoding to TS1/5 on input line 405.
Package textcomp Info: Setting pplx sub-encoding to TS1/3 on input line 406.
Package textcomp Info: Setting pplj sub-encoding to TS1/3 on input line 407.
Package textcomp Info: Setting ptmx sub-encoding to TS1/4 on input line 408.
Package textcomp Info: Setting ptmj sub-encoding to TS1/4 on input line 409.
)
(/usr/local/texlive/2015/texmf-dist/tex/latex/graphics/epsfig.sty
Package: epsfig 1999/02/16 v1.7a (e)psfig emulation (SPQR)
\epsfxsize=\dimen197
\epsfysize=\dimen198
)
(/usr/local/texlive/2015/texmf-dist/tex/latex/titlesec/titlesec.sty
Package: titlesec 2011/12/15 v2.10.0 Sectioning titles
\ttl@box=\box68
\beforetitleunit=\skip47
\aftertitleunit=\skip48
\ttl@plus=\dimen199
\ttl@minus=\dimen200
\ttl@toksa=\toks41
\titlewidth=\dimen201
\titlewidthlast=\dimen202
\titlewidthfirst=\dimen203
)

Package geometry Warning: Over-specification in `h'-direction.
    `width' (597.50787pt) is ignored.


Package geometry Warning: Over-specification in `v'-direction.
    `height' (845.04684pt) is ignored.

) (./fyp.aux (./prelude.aux) (./Chapters/chapter0.aux) (./Chapters/chapter2.aux
) (./Chapters/chapter1.aux) (./Chapters/chapter3.aux) (./Chapters/chapter4.aux)
(./Chapters/chapter5.aux) (./appendix.aux))
\openout1 = `fyp.aux'.

LaTeX Font Info:    Checking defaults for OML/cmm/m/it on input line 45.
LaTeX Font Info:    ... okay on input line 45.
LaTeX Font Info:    Checking defaults for T1/cmr/m/n on input line 45.
LaTeX Font Info:    ... okay on input line 45.
LaTeX Font Info:    Checking defaults for OT1/cmr/m/n on input line 45.
LaTeX Font Info:    ... okay on input line 45.
LaTeX Font Info:    Checking defaults for OMS/cmsy/m/n on input line 45.
LaTeX Font Info:    ... okay on input line 45.
LaTeX Font Info:    Checking defaults for OMX/cmex/m/n on input line 45.
LaTeX Font Info:    ... okay on input line 45.
LaTeX Font Info:    Checking defaults for U/cmr/m/n on input line 45.
LaTeX Font Info:    ... okay on input line 45.
LaTeX Font Info:    Checking defaults for PD1/pdf/m/n on input line 45.
LaTeX Font Info:    ... okay on input line 45.
LaTeX Font Info:    Checking defaults for TS1/cmr/m/n on input line 45.
LaTeX Font Info:    Try loading font information for TS1+cmr on input line 45.

(/usr/local/texlive/2015/texmf-dist/tex/latex/base/ts1cmr.fd
File: ts1cmr.fd 2014/09/29 v2.5h Standard LaTeX font definitions
)
LaTeX Font Info:    ... okay on input line 45.

ABD: EveryShipout initializing macros
(/usr/local/texlive/2015/texmf-dist/tex/context/base/supp-pdf.mkii
[Loading MPS to PDF converter (version 2006.09.02).]
\scratchcounter=\count169
\scratchdimen=\dimen204
\scratchbox=\box69
\nofMPsegments=\count170
\nofMParguments=\count171
\everyMPshowfont=\toks42
\MPscratchCnt=\count172
\MPscratchDim=\dimen205
\MPnumerator=\count173
\makeMPintoPDFobject=\count174
\everyMPtoPDFconversion=\toks43
) (/usr/local/texlive/2015/texmf-dist/tex/latex/oberdiek/epstopdf-base.sty
Package: epstopdf-base 2010/02/09 v2.5 Base part for package epstopdf

(/usr/local/texlive/2015/texmf-dist/tex/latex/oberdiek/grfext.sty
Package: grfext 2010/08/19 v1.1 Manage graphics extensions (HO)
)
Package grfext Info: Graphics extension search list:
(grfext)             [.png,.pdf,.jpg,.mps,.jpeg,.jbig2,.jb2,.PNG,.PDF,.JPG,.JPE
G,.JBIG2,.JB2,.eps]
(grfext)             \AppendGraphicsExtensions on input line 452.

(/usr/local/texlive/2015/texmf-dist/tex/latex/latexconfig/epstopdf-sys.cfg
File: epstopdf-sys.cfg 2010/07/13 v1.3 Configuration of (r)epstopdf for TeX Liv
e
))
\AtBeginShipoutBox=\box70
Package hyperref Info: Link coloring OFF on input line 45.

(/usr/local/texlive/2015/texmf-dist/tex/latex/hyperref/nameref.sty
Package: nameref 2012/10/27 v2.43 Cross-referencing by name of section

(/usr/local/texlive/2015/texmf-dist/tex/generic/oberdiek/gettitlestring.sty
Package: gettitlestring 2010/12/03 v1.4 Cleanup title references (HO)
)
\c@section@level=\count175
)
LaTeX Info: Redefining \ref on input line 45.
LaTeX Info: Redefining \pageref on input line 45.
LaTeX Info: Redefining \nameref on input line 45.

(./fyp.out) (./fyp.out)
\@outlinefile=\write4
\openout4 = `fyp.out'.

Package caption Info: Begin \AtBeginDocument code.
Package caption Info: listings package is loaded.
Package caption Info: End \AtBeginDocument code.
\c@lstlisting=\count176

*geometry* driver: auto-detecting
*geometry* detected driver: pdftex
*geometry* verbose mode - [ preamble ] result:
* driver: pdftex
* paper: a4paper
* layout: <same size as paper>
* layoutoffset:(h,v)=(0.0pt,0.0pt)
* modes: twoside 
* h-part:(L,W,R)=(71.13188pt, 455.24411pt, 71.13188pt)
* v-part:(T,H,B)=(71.13188pt, 717.00946pt, 56.9055pt)
* \paperwidth=597.50787pt
* \paperheight=845.04684pt
* \textwidth=455.24411pt
* \textheight=717.00946pt
* \oddsidemargin=-1.1381pt
* \evensidemargin=-1.1381pt
* \topmargin=-33.0119pt
* \headheight=12.0pt
* \headsep=19.8738pt
* \topskip=12.0pt
* \footskip=30.0pt
* \marginparwidth=88.0pt
* \marginparsep=7.0pt
* \columnsep=10.0pt
* \skip\footins=10.8pt plus 4.0pt minus 2.0pt
* \hoffset=0.0pt
* \voffset=0.0pt
* \mag=1000
* \@twocolumnfalse
* \@twosidetrue
* \@mparswitchtrue
* \@reversemarginfalse
* (1in=72.27pt=25.4mm, 1cm=28.453pt)

\openout2 = `prelude.aux'.

(./prelude.tex
*geometry* verbose mode - [ newgeometry ] result:
* driver: pdftex
* paper: a4paper
* layout: <same size as paper>
* layoutoffset:(h,v)=(0.0pt,0.0pt)
* modes: twoside 
* h-part:(L,W,R)=(71.13188pt, 455.24411pt, 71.13188pt)
* v-part:(T,H,B)=(128.0374pt, 714.164pt, 2.84544pt)
* \paperwidth=597.50787pt
* \paperheight=845.04684pt
* \textwidth=455.24411pt
* \textheight=714.164pt
* \oddsidemargin=-1.1381pt
* \evensidemargin=-1.1381pt
* \topmargin=23.89362pt
* \headheight=12.0pt
* \headsep=19.8738pt
* \topskip=12.0pt
* \footskip=30.0pt
* \marginparwidth=88.0pt
* \marginparsep=7.0pt
* \columnsep=10.0pt
* \skip\footins=10.8pt plus 4.0pt minus 2.0pt
* \hoffset=0.0pt
* \voffset=0.0pt
* \mag=1000
* \@twocolumnfalse
* \@twosidetrue
* \@mparswitchtrue
* \@reversemarginfalse
* (1in=72.27pt=25.4mm, 1cm=28.453pt)

LaTeX Font Info:    Try loading font information for T1+ptm on input line 2.
 (/usr/local/texlive/2015/texmf-dist/tex/latex/psnfss/t1ptm.fd
File: t1ptm.fd 2001/06/04 font definitions for T1/ptm.
)
<logo_black.png, id=315, 770.88pt x 219.82124pt>
File: logo_black.png Graphic file (type png)
 <use logo_black.png>
Package pdftex.def Info: logo_black.png used on input line 2.
(pdftex.def)             Requested size: 154.17326pt x 43.96346pt.
 [1




{/usr/local/texlive/2015/texmf-var/fonts/map/pdftex/updmap/pdftex.map} <./logo_
black.png>]
Underfull \hbox (badness 10000) in paragraph at lines 5--20

 []


Underfull \hbox (badness 10000) in paragraph at lines 21--27

 []

[2


] (./summary.tex) [3

] (./acknowledge.tex) [4

] (./fyp.toc [5

] [6])
\tf@toc=\write5
\openout5 = `fyp.toc'.

) [1]
\openout2 = `./Chapters/chapter0.aux'.


(./Chapters/chapter0.tex
Chapter 1.
pdfTeX warning (ext4): destination with the same identifier (name{page.1}) has 
been already used, duplicate ignored
<to be read again> 
                   \relax 
l.11 \section{Flow Chart}
                          [1



])
Overfull \hbox (61.28516pt too wide) in paragraph at lines 63--52
[]  
 []

[2]
\openout2 = `./Chapters/chapter2.aux'.

 (./Chapters/chapter2.tex
Chapter 2.
<classical.png, id=445, 701.11937pt x 334.24875pt>
File: classical.png Graphic file (type png)
 <use classical.png>
Package pdftex.def Info: classical.png used on input line 11.
(pdftex.def)             Requested size: 216.24283pt x 116.65729pt.

<subsumption.png, id=446, 637.88312pt x 315.67938pt>
File: subsumption.png Graphic file (type png)
 <use subsumption.png>
Package pdftex.def Info: subsumption.png used on input line 17.
(pdftex.def)             Requested size: 216.24472pt x 116.65503pt.

[3



 <./classical.png> <./subsumption.png>] [4]
<snake.png, id=471, 294.09875pt x 221.82875pt>
File: snake.png Graphic file (type png)
 <use snake.png>
Package pdftex.def Info: snake.png used on input line 40.
(pdftex.def)             Requested size: 216.243pt x 116.65475pt.

<template.png, id=472, 467.7475pt x 267.49937pt>
File: template.png Graphic file (type png)
 <use template.png>
Package pdftex.def Info: template.png used on input line 46.
(pdftex.def)             Requested size: 216.24417pt x 116.65924pt.

<ransacobjects.png, id=478, 825.0825pt x 540.0175pt>
File: ransacobjects.png Graphic file (type png)
 <use ransacobjects.png>
Package pdftex.def Info: ransacobjects.png used on input line 61.
(pdftex.def)             Requested size: 216.24118pt x 122.33917pt.

<3dsift.png, id=479, 364.36125pt x 194.7275pt>
File: 3dsift.png Graphic file (type png)
 <use 3dsift.png>
Package pdftex.def Info: 3dsift.png used on input line 67.
(pdftex.def)             Requested size: 216.23888pt x 122.34618pt.

Underfull \vbox (badness 2970) has occurred while \output is active []

 [5 <./snake.png> <./template.png>] [6 <./ransacobjects.png> <./3dsift.png>] [7
]
<skeletontracking.png, id=518, 626.34pt x 436.63126pt>
File: skeletontracking.png Graphic file (type png)

<use skeletontracking.png>
Package pdftex.def Info: skeletontracking.png used on input line 97.
(pdftex.def)             Requested size: 227.62302pt x 142.26324pt.
 [8]
LaTeX Font Info:    Try loading font information for T1+cmtt on input line 101.


(/usr/local/texlive/2015/texmf-dist/tex/latex/base/t1cmtt.fd
File: t1cmtt.fd 2014/09/29 v2.5h Standard LaTeX font definitions
)) [9 <./skeletontracking.png>]
\openout2 = `./Chapters/chapter1.aux'.

 (./Chapters/chapter1.tex
Chapter 3.
[10



] [11]) [12] [13]
\openout2 = `./Chapters/chapter3.aux'.

 (./Chapters/chapter3.tex
Chapter 4.

LaTeX Warning: Citation `baxterweb' on page 14 undefined on input line 5.

<baxtermain.png, id=567, 282.05376pt x 268.00125pt>
File: baxtermain.png Graphic file (type png)
 <use baxtermain.png>
Package pdftex.def Info: baxtermain.png used on input line 11.
(pdftex.def)             Requested size: 162.18394pt x 156.4877pt.

<baxterjoints.png, id=568, 294.09875pt x 337.26pt>
File: baxterjoints.png Graphic file (type png)
 <use baxterjoints.png>
Package pdftex.def Info: baxterjoints.png used on input line 17.
(pdftex.def)             Requested size: 118.93431pt x 156.48978pt.

[14



 <./baxtermain.png> <./baxterjoints.png>] [15]
<rvizscreen.png, id=585, 878.28125pt x 501.875pt>
File: rvizscreen.png Graphic file (type png)
 <use rvizscreen.png>
Package pdftex.def Info: rvizscreen.png used on input line 40.
(pdftex.def)             Requested size: 318.67369pt x 199.16888pt.

<fixedframe.jpg, id=586, 1259.70625pt x 874.26625pt>
File: fixedframe.jpg Graphic file (type jpg)
 <use fixedframe.jpg>
Package pdftex.def Info: fixedframe.jpg used on input line 50.
(pdftex.def)             Requested size: 216.24237pt x 142.26001pt.

[16 <./rvizscreen.png>] [17 <./fixedframe.jpg>]) [18]
\openout2 = `./Chapters/chapter4.aux'.

 (./Chapters/chapter4.tex
Chapter 5.
<regiongrowing.jpg, id=612, 659.46375pt x 484.81125pt>
File: regiongrowing.jpg Graphic file (type jpg)
 <use regiongrowing.jpg>
Package pdftex.def Info: regiongrowing.jpg used on input line 19.
(pdftex.def)             Requested size: 216.24513pt x 142.26352pt.

<whitecloud.jpg, id=613, 461.725pt x 294.09875pt>
File: whitecloud.jpg Graphic file (type jpg)
 <use whitecloud.jpg>
Package pdftex.def Info: whitecloud.jpg used on input line 26.
(pdftex.def)             Requested size: 216.24283pt x 142.26524pt.

<circlecloud.png, id=614, 461.725pt x 294.09875pt>
File: circlecloud.png Graphic file (type png)
 <use circlecloud.png>
Package pdftex.def Info: circlecloud.png used on input line 32.
(pdftex.def)             Requested size: 216.24283pt x 142.26524pt.

<bowlcentre.jpg, id=615, 651.43375pt x 437.635pt>
File: bowlcentre.jpg Graphic file (type jpg)
 <use bowlcentre.jpg>
Package pdftex.def Info: bowlcentre.jpg used on input line 39.
(pdftex.def)             Requested size: 216.24612pt x 142.26308pt.
 [19



]
[20 <./regiongrowing.jpg> <./whitecloud.jpg> <./circlecloud.png> <./bowlcentre.
jpg>]
Overfull \vbox (4.98006pt too high) has occurred while \output is active []


[21] <bowlrecognition.png, id=649, 645.41125pt x 438.63875pt>
File: bowlrecognition.png Graphic file (type png)

<use bowlrecognition.png>
Package pdftex.def Info: bowlrecognition.png used on input line 64.
(pdftex.def)             Requested size: 216.23627pt x 142.2614pt.
 [22 <./bowlrecognition.png>]
<graspfromabove.png, id=663, 366.87062pt x 231.86626pt>
File: graspfromabove.png Graphic file (type png)

<use graspfromabove.png>
Package pdftex.def Info: graspfromabove.png used on input line 84.
(pdftex.def)             Requested size: 216.24466pt x 142.26608pt.

<graspandshake.png, id=664, 366.87062pt x 231.86626pt>
File: graspandshake.png Graphic file (type png)
 <use graspandshake.png>
Package pdftex.def Info: graspandshake.png used on input line 91.
(pdftex.def)             Requested size: 216.24466pt x 142.26608pt.

[23] <scoopfromside.png, id=673, 418.56375pt x 285.065pt>
File: scoopfromside.png Graphic file (type png)

<use scoopfromside.png>
Package pdftex.def Info: scoopfromside.png used on input line 104.
(pdftex.def)             Requested size: 216.24292pt x 142.26247pt.
 <tiltandshake.png, id=674, 365.365pt x 236.885pt>
File: tiltandshake.png Graphic file (type png)

<use tiltandshake.png>
Package pdftex.def Info: tiltandshake.png used on input line 111.
(pdftex.def)             Requested size: 216.24362pt x 142.26582pt.
 [24 <./graspfromabove.png> <./graspandshake.png>]
<graspovertime.png, id=690, 705.63625pt x 416.05438pt>
File: graspovertime.png Graphic file (type png)
 <use graspovertime.png>
Package pdftex.def Info: graspovertime.png used on input line 127.
(pdftex.def)             Requested size: 216.23624pt x 142.26286pt.

<averagegrasp.png, id=691, 637.38126pt x 449.17813pt>
File: averagegrasp.png Graphic file (type png)
 <use averagegrasp.png>
Package pdftex.def Info: averagegrasp.png used on input line 133.
(pdftex.def)             Requested size: 216.23993pt x 142.25949pt.

Underfull \vbox (badness 2762) has occurred while \output is active []

 [25 <./scoopfromside.png> <./tiltandshake.png>]
<verticaltilt.png, id=708, 352.31625pt x 242.9075pt>
File: verticaltilt.png Graphic file (type png)
 <use verticaltilt.png>
Package pdftex.def Info: verticaltilt.png used on input line 148.
(pdftex.def)             Requested size: 216.24045pt x 142.26154pt.

<horizontaltilt.png, id=709, 461.725pt x 292.09125pt>
File: horizontaltilt.png Graphic file (type png)
 <use horizontaltilt.png>
Package pdftex.def Info: horizontaltilt.png used on input line 154.
(pdftex.def)             Requested size: 216.24283pt x 142.26576pt.

[26 <./graspovertime.png> <./averagegrasp.png>]
<averagesweetstipped.png, id=720, 584.68437pt x 374.39874pt>
File: averagesweetstipped.png Graphic file (type png)

<use averagesweetstipped.png>
Package pdftex.def Info: averagesweetstipped.png used on input line 171.
(pdftex.def)             Requested size: 216.24062pt x 142.26157pt.

<separatedsweets.png, id=721, 595.72563pt x 370.88562pt>
File: separatedsweets.png Graphic file (type png)

<use separatedsweets.png>
Package pdftex.def Info: separatedsweets.png used on input line 177.
(pdftex.def)             Requested size: 216.2427pt x 142.26227pt.

Underfull \vbox (badness 4995) has occurred while \output is active []

 [27 <./verticaltilt.png> <./horizontaltilt.png>] [28 <./averagesweetstipped.pn
g> <./separatedsweets.png>] <cannedge.jpg, id=749, 618.31pt x 380.42125pt>
File: cannedge.jpg Graphic file (type jpg)

<use cannedge.jpg>
Package pdftex.def Info: cannedge.jpg used on input line 194.
(pdftex.def)             Requested size: 216.24191pt x 142.26869pt.
 <houghline.png, id=750, 689.57625pt x 405.515pt>
File: houghline.png Graphic file (type png)

<use houghline.png>
Package pdftex.def Info: houghline.png used on input line 200.
(pdftex.def)             Requested size: 216.2391pt x 142.2665pt.
 <contourfound.jpg, id=753, 689.57625pt x 405.515pt>
File: contourfound.jpg Graphic file (type jpg)

<use contourfound.jpg>
Package pdftex.def Info: contourfound.jpg used on input line 216.
(pdftex.def)             Requested size: 216.2391pt x 142.2665pt.
 <segmentedarea.png, id=754, 745.78625pt x 490.83376pt>
File: segmentedarea.png Graphic file (type png)

<use segmentedarea.png>
Package pdftex.def Info: segmentedarea.png used on input line 222.
(pdftex.def)             Requested size: 216.23833pt x 142.26324pt.
 [29 <./cannedge.jpg> <./houghline.png>]
<sweetcircle.jpg, id=766, 592.2125pt x 376.40625pt>
File: sweetcircle.jpg Graphic file (type jpg)
 <use sweetcircle.jpg>
Package pdftex.def Info: sweetcircle.jpg used on input line 240.
(pdftex.def)             Requested size: 216.24161pt x 142.26622pt.

<sweetsfound.jpg, id=767, 592.2125pt x 376.40625pt>
File: sweetsfound.jpg Graphic file (type jpg)
 <use sweetsfound.jpg>
Package pdftex.def Info: sweetsfound.jpg used on input line 246.
(pdftex.def)             Requested size: 216.24161pt x 142.26622pt.

[30 <./contourfound.jpg> <./segmentedarea.png>]
<neural.png, id=780, 360.3864pt x 253.9086pt>
File: neural.png Graphic file (type png)
 <use neural.png>
Package pdftex.def Info: neural.png used on input line 272.
(pdftex.def)             Requested size: 216.25pt x 142.26144pt.

<correctneuralimage.png, id=781, 465.74pt x 364.36125pt>
File: correctneuralimage.png Graphic file (type png)

<use correctneuralimage.png>
Package pdftex.def Info: correctneuralimage.png used on input line 278.
(pdftex.def)             Requested size: 216.23996pt x 142.26154pt.
 [31 <./sweetcircle.jpg> <./sweetsfound.jpg>]
[32 <./neural.png> <./correctneuralimage.png>]
<colourefficiency.png, id=805, 660.96938pt x 395.4775pt>
File: colourefficiency.png Graphic file (type png)

<use colourefficiency.png>
Package pdftex.def Info: colourefficiency.png used on input line 293.
(pdftex.def)             Requested size: 216.24464pt x 142.26317pt.
 <RGBtesting.png, id=806, 679.53876pt x 403.5075pt>
File: RGBtesting.png Graphic file (type png)

<use RGBtesting.png>
Package pdftex.def Info: RGBtesting.png used on input line 299.
(pdftex.def)             Requested size: 216.24368pt x 142.26411pt.
 [33 <./colourefficiency.png> <./RGBtesting.png>]
<sweettransformation.jpg, id=822, 1328.965pt x 918.43124pt>
File: sweettransformation.jpg Graphic file (type jpg)

<use sweettransformation.jpg>
Package pdftex.def Info: sweettransformation.jpg used on input line 313.
(pdftex.def)             Requested size: 216.22801pt x 142.25726pt.
 [34 <./sweettransformation.jpg>]
<pcaexample.png, id=831, 661.47125pt x 430.60875pt>
File: pcaexample.png Graphic file (type png)
 <use pcaexample.png>
Package pdftex.def Info: pcaexample.png used on input line 328.
(pdftex.def)             Requested size: 216.23726pt x 142.26558pt.

<graspwithrotation.png, id=832, 395.4775pt x 264.99pt>
File: graspwithrotation.png Graphic file (type png)

<use graspwithrotation.png>
Package pdftex.def Info: graspwithrotation.png used on input line 334.
(pdftex.def)             Requested size: 216.24605pt x 142.26357pt.
 [35 <./pcaexample.png> <./graspwithrotation.png>]
<sweetgrasptests.png, id=851, 592.2125pt x 363.3575pt>
File: sweetgrasptests.png Graphic file (type png)

<use sweetgrasptests.png>
Package pdftex.def Info: sweetgrasptests.png used on input line 355.
(pdftex.def)             Requested size: 216.24161pt x 142.26328pt.
 [36]
<halvingcollisions.png, id=862, 1216.545pt x 629.35126pt>
File: halvingcollisions.png Graphic file (type png)

<use halvingcollisions.png>
Package pdftex.def Info: halvingcollisions.png used on input line 370.
(pdftex.def)             Requested size: 318.6703pt x 142.26053pt.
 [37 <./sweetgrasptests.png>]
<morphellipse.png, id=873, 1390.19376pt x 723.70375pt>
File: morphellipse.png Graphic file (type png)
 <use morphellipse.png>
Package pdftex.def Info: morphellipse.png used on input line 381.
(pdftex.def)             Requested size: 318.65599pt x 142.26459pt.

Underfull \vbox (badness 2150) has occurred while \output is active []

 [38 <./halvingcollisions.png>] <boxapproach.png, id=881, 847.165pt x 553.06625
pt>
File: boxapproach.png Graphic file (type png)

<use boxapproach.png>
Package pdftex.def Info: boxapproach.png used on input line 395.
(pdftex.def)             Requested size: 216.2375pt x 142.2579pt.

<separatecollisionintoarea.png, id=882, 275.0275pt x 200.75pt>
File: separatecollisionintoarea.png Graphic file (type png)

<use separatecollisionintoarea.png>
Package pdftex.def Info: separatecollisionintoarea.png used on input line 401.
(pdftex.def)             Requested size: 216.24957pt x 142.27312pt.

<convexhulloverlappissues.png, id=885, 864.22874pt x 554.07pt>
File: convexhulloverlappissues.png Graphic file (type png)

<use convexhulloverlappissues.png>
Package pdftex.def Info: convexhulloverlappissues.png used on input line 417.
(pdftex.def)             Requested size: 216.24127pt x 142.26247pt.

<collisioncorrectdetection.png, id=886, 803.0pt x 555.07375pt>
File: collisioncorrectdetection.png Graphic file (type png)

<use collisioncorrectdetection.png>
Package pdftex.def Info: collisioncorrectdetection.png used on input line 423.
(pdftex.def)             Requested size: 216.23701pt x 142.26608pt.
 [39 <./morphellipse.png> <./boxapproach.png> <./separatecollisionintoarea.png>
] [40 <./convexhulloverlappissues.png> <./collisioncorrectdetection.png>]
<circlegripperimage.png, id=910, 733.74126pt x 518.93875pt>
File: circlegripperimage.png Graphic file (type png)

<use circlegripperimage.png>
Package pdftex.def Info: circlegripperimage.png used on input line 442.
(pdftex.def)             Requested size: 216.23907pt x 142.2612pt.
 [41 <./circlegripperimage.png>] [42]
<ipbootpage.png, id=922, 1084.05pt x 1927.2pt>
File: ipbootpage.png Graphic file (type png)
 <use ipbootpage.png>
Package pdftex.def Info: ipbootpage.png used on input line 489.
(pdftex.def)             Requested size: 118.35263pt x 199.14194pt.

<apphomepage.png, id=923, 1084.05pt x 1927.2pt>
File: apphomepage.png Graphic file (type png)
 <use apphomepage.png>
Package pdftex.def Info: apphomepage.png used on input line 495.
(pdftex.def)             Requested size: 118.35263pt x 199.14194pt.

<sweetchoicepage.png, id=924, 1084.05pt x 1927.2pt>
File: sweetchoicepage.png Graphic file (type png)
 <use sweetchoicepage.png>
Package pdftex.def Info: sweetchoicepage.png used on input line 501.
(pdftex.def)             Requested size: 118.35263pt x 199.14194pt.

Overfull \hbox (5.10217pt too wide) in paragraph at lines 457--505
[]  
 []

[43] [44 <./ipbootpage.png> <./apphomepage.png> <./sweetchoicepage.png>]
<voicerecognitiontests.png, id=940, 738.76pt x 360.84813pt>
File: voicerecognitiontests.png Graphic file (type png)

<use voicerecognitiontests.png>
Package pdftex.def Info: voicerecognitiontests.png used on input line 514.
(pdftex.def)             Requested size: 273.14528pt x 142.2609pt.
 [45 <./voicerecognitiontests.png>]
<personprocessing.jpeg, id=949, 474.77374pt x 299.1175pt>
File: personprocessing.jpeg Graphic file (type jpg)

<use personprocessing.jpeg>
Package pdftex.def Info: personprocessing.jpeg used on input line 528.
(pdftex.def)             Requested size: 216.23972pt x 142.26485pt.

<personrecognised.jpeg, id=950, 473.77pt x 300.12125pt>
File: personrecognised.jpeg Graphic file (type jpg)

<use personrecognised.jpeg>
Package pdftex.def Info: personrecognised.jpeg used on input line 534.
(pdftex.def)             Requested size: 216.23799pt x 142.26598pt.
 [46 <./personprocessing.jpeg> <./personrecognised.jpeg>]
Overfull \vbox (4.19191pt too high) has occurred while \output is active []


[47]) [48]
\openout2 = `./Chapters/chapter5.aux'.

 (./Chapters/chapter5.tex
Chapter 6.
[49



] <completesystemlogic.png, id=989, 700.6175pt x 575.14874pt>
File: completesystemlogic.png Graphic file (type png)

<use completesystemlogic.png>
Package pdftex.def Info: completesystemlogic.png used on input line 14.
(pdftex.def)             Requested size: 341.43472pt x 284.53716pt.
 [50 <./completesystemlogic.png>]
<1.png, id=1002, 680.5425pt x 452.69125pt>
File: 1.png Graphic file (type png)
 <use 1.png>
Package pdftex.def Info: 1.png used on input line 43.
(pdftex.def)             Requested size: 185.96077pt x 122.34569pt.

<3.png, id=1003, 706.64pt x 448.67625pt>
File: 3.png Graphic file (type png)
 <use 3.png>
Package pdftex.def Info: 3.png used on input line 43.
(pdftex.def)             Requested size: 185.96481pt x 122.3423pt.

<4.png, id=1004, 624.3325pt x 425.59pt>
File: 4.png Graphic file (type png)
 <use 4.png>
Package pdftex.def Info: 4.png used on input line 43.
(pdftex.def)             Requested size: 185.95795pt x 122.34642pt.

<5.png, id=1005, 622.325pt x 437.635pt>
File: 5.png Graphic file (type png)
 <use 5.png>
Package pdftex.def Info: 5.png used on input line 60.
(pdftex.def)             Requested size: 185.95825pt x 122.3433pt.

<7.png, id=1006, 607.26875pt x 428.60126pt>
File: 7.png Graphic file (type png)
 <use 7.png>
Package pdftex.def Info: 7.png used on input line 60.
(pdftex.def)             Requested size: 185.96262pt x 122.34229pt.

<8.png, id=1007, 596.2275pt x 419.5675pt>
File: 8.png Graphic file (type png)
 <use 8.png>
Package pdftex.def Info: 8.png used on input line 60.
(pdftex.def)             Requested size: 185.95673pt x 122.34367pt.

<11.png, id=1008, 646.415pt x 408.52625pt>
File: 11.png Graphic file (type png)
 <use 11.png>
Package pdftex.def Info: 11.png used on input line 77.
(pdftex.def)             Requested size: 185.9563pt x 122.34688pt.

<12.png, id=1009, 640.3925pt x 419.5675pt>
File: 12.png Graphic file (type png)
 <use 12.png>
Package pdftex.def Info: 12.png used on input line 77.
(pdftex.def)             Requested size: 185.96312pt x 122.34367pt.

<13.png, id=1010, 648.4225pt x 431.6125pt>
File: 13.png Graphic file (type png)
 <use 13.png>
Package pdftex.def Info: 13.png used on input line 77.
(pdftex.def)             Requested size: 185.95995pt x 122.34566pt.

Underfull \vbox (badness 3460) has occurred while \output is active []

 [51]
[52 <./1.png> <./3.png> <./4.png> <./5.png> <./7.png> <./8.png> <./11.png> <./1
2.png> <./13.png>] [53]) [54] [55] (./fyp.bbl [56


]) [57]
\openout2 = `appendix.aux'.

 (./appendix.tex
[58



] [59]
Appendix A.
[60

]
Appendix B.
) [61

]
Package atveryend Info: Empty hook `BeforeClearDocument' on input line 67.
Package atveryend Info: Empty hook `AfterLastShipout' on input line 67.
 (./fyp.aux (./prelude.aux) (./Chapters/chapter0.aux)
(./Chapters/chapter2.aux) (./Chapters/chapter1.aux) (./Chapters/chapter3.aux)
(./Chapters/chapter4.aux) (./Chapters/chapter5.aux) (./appendix.aux))
Package atveryend Info: Executing hook `AtVeryEndDocument' on input line 67.
Package atveryend Info: Executing hook `AtEndAfterFileList' on input line 67.
Package rerunfilecheck Info: File `fyp.out' has not changed.
(rerunfilecheck)             Checksum: 63503EBA7B6A2996BF7602320B7CE908;5202.


LaTeX Warning: There were undefined references.

Package atveryend Info: Empty hook `AtVeryVeryEnd' on input line 67.
 ) 
Here is how much of TeX's memory you used:
 26446 strings out of 493089
 519697 string characters out of 6134841
 707713 words of memory out of 5000000
 29069 multiletter control sequences out of 15000+600000
 23491 words of font info for 49 fonts, out of 8000000 for 9000
 1141 hyphenation exceptions out of 8191
 62i,11n,82p,1454b,886s stack positions out of 5000i,500n,10000p,200000b,80000s
{/usr/local/texlive/2015/texmf-dist/fonts/enc/dvips/cm-super/cm-super-t1.enc}
{/usr/local/texlive/2015/texmf-dist/fonts/enc/dvips/cm-super/cm-super-ts1.enc}{
/usr/local/texlive/2015/texmf-dist/fonts/enc/dvips/base/8r.enc}</usr/local/texl
ive/2015/texmf-dist/fonts/type1/public/amsfonts/cm/cmmi12.pfb></usr/local/texli
ve/2015/texmf-dist/fonts/type1/public/amsfonts/cm/cmr12.pfb></usr/local/texlive
/2015/texmf-dist/fonts/type1/public/amsfonts/cm/cmr8.pfb></usr/local/texlive/20
15/texmf-dist/fonts/type1/public/amsfonts/cm/cmsy10.pfb></usr/local/texlive/201
5/texmf-dist/fonts/type1/public/cm-super/sfbx1000.pfb></usr/local/texlive/2015/
texmf-dist/fonts/type1/public/cm-super/sfbx1095.pfb></usr/local/texlive/2015/te
xmf-dist/fonts/type1/public/cm-super/sfbx1200.pfb></usr/local/texlive/2015/texm
f-dist/fonts/type1/public/cm-super/sfbx1440.pfb></usr/local/texlive/2015/texmf-
dist/fonts/type1/public/cm-super/sfbx1728.pfb></usr/local/texlive/2015/texmf-di
st/fonts/type1/public/cm-super/sfbx2488.pfb></usr/local/texlive/2015/texmf-dist
/fonts/type1/public/cm-super/sfrm0700.pfb></usr/local/texlive/2015/texmf-dist/f
onts/type1/public/cm-super/sfrm0800.pfb></usr/local/texlive/2015/texmf-dist/fon
ts/type1/public/cm-super/sfrm1000.pfb></usr/local/texlive/2015/texmf-dist/fonts
/type1/public/cm-super/sfrm1095.pfb></usr/local/texlive/2015/texmf-dist/fonts/t
ype1/public/cm-super/sfrm1200.pfb></usr/local/texlive/2015/texmf-dist/fonts/typ
e1/public/cm-super/sfsl1200.pfb></usr/local/texlive/2015/texmf-dist/fonts/type1
/public/cm-super/sfti1200.pfb></usr/local/texlive/2015/texmf-dist/fonts/type1/p
ublic/cm-super/sftt1000.pfb></usr/local/texlive/2015/texmf-dist/fonts/type1/pub
lic/cm-super/sftt1200.pfb></usr/local/texlive/2015/texmf-dist/fonts/type1/urw/t
imes/utmr8a.pfb>
Output written on fyp.pdf (68 pages, 32411693 bytes).
PDF statistics:
 1213 PDF objects out of 1440 (max. 8388607)
 1000 compressed objects within 10 object streams
 275 named destinations out of 1000 (max. 500000)
 949 words of extra memory for PDF output out of 10000 (max. 10000000)

