\BOOKMARK [0][-]{chapter.1}{The Problem}{}% 1
\BOOKMARK [1][-]{section.1.1}{The Problem}{chapter.1}% 2
\BOOKMARK [1][-]{section.1.2}{Approach}{chapter.1}% 3
\BOOKMARK [0][-]{chapter.2}{Background And Literature Review}{}% 4
\BOOKMARK [1][-]{section.2.1}{Robotic Behaviour}{chapter.2}% 5
\BOOKMARK [1][-]{section.2.2}{Machine Vision}{chapter.2}% 6
\BOOKMARK [2][-]{subsection.2.2.1}{Image Processing Techniques}{section.2.2}% 7
\BOOKMARK [2][-]{subsection.2.2.2}{Pointcloud Analysis}{section.2.2}% 8
\BOOKMARK [1][-]{section.2.3}{Manipulation Planning}{chapter.2}% 9
\BOOKMARK [2][-]{subsection.2.3.1}{Inverse Kinematics}{section.2.3}% 10
\BOOKMARK [1][-]{section.2.4}{Planning Under Clutter}{chapter.2}% 11
\BOOKMARK [1][-]{section.2.5}{Interacting with People}{chapter.2}% 12
\BOOKMARK [2][-]{subsection.2.5.1}{Voice Recognition}{section.2.5}% 13
\BOOKMARK [2][-]{subsection.2.5.2}{Skeleton Recognition}{section.2.5}% 14
\BOOKMARK [0][-]{chapter.3}{Introduction}{}% 15
\BOOKMARK [1][-]{section.3.1}{Aim}{chapter.3}% 16
\BOOKMARK [1][-]{section.3.2}{Objectives}{chapter.3}% 17
\BOOKMARK [1][-]{section.3.3}{Methodology}{chapter.3}% 18
\BOOKMARK [1][-]{section.3.4}{Tasks, milestones and timeline}{chapter.3}% 19
\BOOKMARK [1][-]{section.3.5}{Deliverables}{chapter.3}% 20
\BOOKMARK [1][-]{section.3.6}{Determining the Quality of the Solution}{chapter.3}% 21
\BOOKMARK [0][-]{chapter.4}{Materials and Logic}{}% 22
\BOOKMARK [1][-]{section.4.1}{The Robot}{chapter.4}% 23
\BOOKMARK [1][-]{section.4.2}{Kinect}{chapter.4}% 24
\BOOKMARK [1][-]{section.4.3}{System Logic}{chapter.4}% 25
\BOOKMARK [1][-]{section.4.4}{ROS}{chapter.4}% 26
\BOOKMARK [2][-]{subsection.4.4.1}{Inverse Kinematics}{section.4.4}% 27
\BOOKMARK [2][-]{subsection.4.4.2}{Fixed Frame Transforms}{section.4.4}% 28
\BOOKMARK [2][-]{subsection.4.4.3}{Custom Service Requests}{section.4.4}% 29
\BOOKMARK [0][-]{chapter.5}{Methods}{}% 30
\BOOKMARK [1][-]{section.5.1}{The Bowl}{chapter.5}% 31
\BOOKMARK [2][-]{subsection.5.1.1}{Recognition}{section.5.1}% 32
\BOOKMARK [3][-]{subsubsection.5.1.1.1}{Segmentation and Recognition}{subsection.5.1.1}% 33
\BOOKMARK [3][-]{subsubsection.5.1.1.2}{Testing}{subsection.5.1.1}% 34
\BOOKMARK [2][-]{subsection.5.1.2}{Manipulation}{section.5.1}% 35
\BOOKMARK [3][-]{subsubsection.5.1.2.1}{Scooping Methods}{subsection.5.1.2}% 36
\BOOKMARK [3][-]{subsubsection.5.1.2.2}{Scooping Tests}{subsection.5.1.2}% 37
\BOOKMARK [3][-]{subsubsection.5.1.2.3}{Tipping Methods}{subsection.5.1.2}% 38
\BOOKMARK [3][-]{subsubsection.5.1.2.4}{Tipping Tests}{subsection.5.1.2}% 39
\BOOKMARK [1][-]{section.5.2}{The Sweets}{chapter.5}% 40
\BOOKMARK [2][-]{subsection.5.2.1}{Recognition}{section.5.2}% 41
\BOOKMARK [3][-]{subsubsection.5.2.1.1}{Sweet Background Detection}{subsection.5.2.1}% 42
\BOOKMARK [3][-]{subsubsection.5.2.1.2}{Sweet Recognition}{subsection.5.2.1}% 43
\BOOKMARK [3][-]{subsubsection.5.2.1.3}{Testing}{subsection.5.2.1}% 44
\BOOKMARK [2][-]{subsection.5.2.2}{Manipulation}{section.5.2}% 45
\BOOKMARK [3][-]{subsubsection.5.2.2.1}{Grabbing Methods}{subsection.5.2.2}% 46
\BOOKMARK [3][-]{subsubsection.5.2.2.2}{Testing}{subsection.5.2.2}% 47
\BOOKMARK [2][-]{subsection.5.2.3}{Singulation}{section.5.2}% 48
\BOOKMARK [3][-]{subsubsection.5.2.3.1}{Detecting Overlaps}{subsection.5.2.3}% 49
\BOOKMARK [3][-]{subsubsection.5.2.3.2}{Singulation Methods}{subsection.5.2.3}% 50
\BOOKMARK [3][-]{subsubsection.5.2.3.3}{Testing}{subsection.5.2.3}% 51
\BOOKMARK [1][-]{section.5.3}{Human Interaction}{chapter.5}% 52
\BOOKMARK [2][-]{subsection.5.3.1}{Voice Recognition}{section.5.3}% 53
\BOOKMARK [3][-]{subsubsection.5.3.1.1}{Python's NLTK}{subsection.5.3.1}% 54
\BOOKMARK [3][-]{subsubsection.5.3.1.2}{Android's Google Voice Recognition}{subsection.5.3.1}% 55
\BOOKMARK [3][-]{subsubsection.5.3.1.3}{Testing}{subsection.5.3.1}% 56
\BOOKMARK [2][-]{subsection.5.3.2}{Customer Recognition}{section.5.3}% 57
\BOOKMARK [3][-]{subsubsection.5.3.2.1}{Detect Person}{subsection.5.3.2}% 58
\BOOKMARK [3][-]{subsubsection.5.3.2.2}{Skeleton Recognition}{subsection.5.3.2}% 59
\BOOKMARK [1][-]{section.5.4}{System Integration}{chapter.5}% 60
\BOOKMARK [2][-]{subsection.5.4.1}{Node Communication and Custom Service Requests}{section.5.4}% 61
\BOOKMARK [2][-]{subsection.5.4.2}{Control of Vision Processes}{section.5.4}% 62
\BOOKMARK [2][-]{subsection.5.4.3}{Roslaunch Files}{section.5.4}% 63
\BOOKMARK [2][-]{subsection.5.4.4}{System Logic}{section.5.4}% 64
\BOOKMARK [0][-]{subsection.5.4.4}{References}{}% 65
\BOOKMARK [0][-]{section*.4}{Appendices}{}% 66
\BOOKMARK [0][-]{Appendix.1.A}{Bowl Recognition Tests}{}% 67
\BOOKMARK [0][-]{Appendix.1.B}{Bowl Scooping Tests}{}% 68
\BOOKMARK [0][-]{Appendix.1.C}{Bowl Tipping Tests}{}% 69
\BOOKMARK [0][-]{Appendix.1.D}{Ethical Issues Addressed}{}% 70
